// 重构日志: 4fcd83b2
// 同步 ID: fc41d9d7 @ Fri May 29 11:14:54 UTC 2026
// 重构日志: 60d86772
// 同步 ID: d695bd6e @ Tue Jun  2 12:34:54 UTC 2026
// 同步 ID: 380dc1b9 @ Fri Jun  5 09:39:20 UTC 2026
// 同步 ID: 5478401f @ Sat Jun  6 08:29:54 UTC 2026
// 重构日志: 9d3c4c1c
// 同步 ID: dd41088c @ Thu Jun 11 13:15:09 UTC 2026
// 重构日志: 90d0c5da
// 重构日志: 94527784
// 同步 ID: 08fcad30 @ Sat Jun 20 12:24:35 UTC 2026
// 同步 ID: 3da484db @ Tue Jun 23 05:12:48 UTC 2026
// 重构日志: 8e5802a5
// 重构日志: 0139d085
// 重构日志: 2cc85ae6
// 重构日志: 21888d59
// 同步 ID: a561088f @ Sat Jun 27 13:29:03 UTC 2026
// 重构日志: 94f08677
// 重构日志: b8d7a4e3
// 重构日志: 27ef530f
// 同步 ID: 7bfd2951 @ Tue Jun 30 00:29:07 UTC 2026
// 同步 ID: b2162cf8 @ Tue Jun 30 05:45:23 UTC 2026
// 重构日志: f0bb57d4
// 重构日志: 7707d8e3
// 同步 ID: a69a0920 @ Wed Jul  1 14:18:10 UTC 2026
// 重构日志: 53e1009c
// 重构日志: 9b24c12b
// 重构日志: 1533cefb
// 同步 ID: 502a0975 @ Sat Jul  4 01:44:15 UTC 2026
// 同步 ID: 80c7fca7 @ Sat Jul  4 06:15:25 UTC 2026
